[22:46:05.891] [INFO] storybook v10.3.5
[22:46:06.071] [DEBUG] Getting package.json info for /Users/adriankawanishi/Coding/akds/package.json...
[22:46:06.700] [DEBUG] Serving static files from [36m.storybook/public[39m at [36m/[39m
[22:46:06.700] [DEBUG] Serving static files from [36mnode_modules/monaco-editor/min[39m at [36m/monaco-editor/min[39m
[22:46:06.700] [DEBUG] Serving static files from [36mnode_modules/@types/react[39m at [36m/@types/react[39m
[22:46:06.706] [INFO] Starting...
[22:46:06.848] [DEBUG] Starting preview..
[22:46:06.888] [WARN] 🚨 Unable to index ./packages/reactkit/src/components/ThemeProvider/ThemeProvider.mdx:
  Error: Unknown identifier ThemeProviderStories
    at getOf (file:///Users/adriankawanishi/Coding/akds/node_modules/storybook/dist/core-server/index.js:5746:15)
    at file:///Users/adriankawanishi/Coding/akds/node_modules/storybook/dist/core-server/index.js:5799:191
    at Array.forEach (<anonymous>)
    at extractTitle (file:///Users/adriankawanishi/Coding/akds/node_modules/storybook/dist/core-server/index.js:5793:69)
    at file:///Users/adriankawanishi/Coding/akds/node_modules/storybook/dist/core-server/index.js:5818:123
    at wrapped (file:///Users/adriankawanishi/Coding/akds/node_modules/storybook/dist/_node-chunks/mdx-N42X6CFJ-ODHTGV2Q.js:11571:27)
    at next (file:///Users/adriankawanishi/Coding/akds/node_modules/storybook/dist/_node-chunks/mdx-N42X6CFJ-ODHTGV2Q.js:11553:44)
    at done (file:///Users/adriankawanishi/Coding/akds/node_modules/storybook/dist/_node-chunks/mdx-N42X6CFJ-ODHTGV2Q.js:11584:29)
    at then (file:///Users/adriankawanishi/Coding/akds/node_modules/storybook/dist/_node-chunks/mdx-N42X6CFJ-ODHTGV2Q.js:11587:5)
    at wrapped (file:///Users/adriankawanishi/Coding/akds/node_modules/storybook/dist/_node-chunks/mdx-N42X6CFJ-ODHTGV2Q.js:11581:122)
[22:46:06.891] [ERROR] Failed to build the preview
[22:46:06.894] [ERROR] Error: Unable to index ./packages/reactkit/src/components/ThemeProvider/ThemeProvider.mdx
    at _StoryIndexGenerator.getIndexAndStats (file://./node_modules/storybook/dist/core-server/index.js:6282:15)
    at async _StoryIndexGenerator.getIndex (file://./node_modules/storybook/dist/core-server/index.js:6271:13)
    at async config (file://./node_modules/@storybook/builder-vite/dist/_node-chunks/chunk-FQ4EAKAD.js:184:19)
    at async runConfigHook (file://./node_modules/vite/dist/node/chunks/dep-BK3b2jBa.js:67004:19)
    at async resolveConfig (file://./node_modules/vite/dist/node/chunks/dep-BK3b2jBa.js:66445:12)
    at async _createServer (file://./node_modules/vite/dist/node/chunks/dep-BK3b2jBa.js:63015:18)
    at async Module.start (file://./node_modules/@storybook/builder-vite/dist/index.js:1557:17)
    at async storybookDevServer (file://./node_modules/storybook/dist/core-server/index.js:7503:83)
    at async buildOrThrow (file://./node_modules/storybook/dist/core-server/index.js:4508:12)
    at async buildDevStandalone (file://./node_modules/storybook/dist/core-server/index.js:8033:41)
[22:46:06.895] [WARN] Broken build, fix the error above.
You may need to refresh the browser.